0 info it worked if it ends with ok
1 verbose cli [ '/usr/local/bin/node', '/usr/local/bin/npm', 'publish' ]
2 info using npm@3.10.3
3 info using node@v6.6.0
4 verbose publish [ '.' ]
5 silly cache add args [ '.', null ]
6 verbose cache add spec .
7 silly cache add parsed spec Result {
7 silly cache add   raw: '.',
7 silly cache add   scope: null,
7 silly cache add   escapedName: null,
7 silly cache add   name: null,
7 silly cache add   rawSpec: '.',
7 silly cache add   spec: '/Users/talha.naqvi/Documents/GitHub/react-native-scrollable-tab-header',
7 silly cache add   type: 'directory' }
8 verbose addLocalDirectory /Users/talha.naqvi/.npm/react-native-scrollable-tab-header/0.1.4/package.tgz not in flight; packing
9 verbose correctMkdir /Users/talha.naqvi/.npm correctMkdir not in flight; initializing
10 info lifecycle react-native-scrollable-tab-header@0.1.4~prepublish: react-native-scrollable-tab-header@0.1.4
11 silly lifecycle react-native-scrollable-tab-header@0.1.4~prepublish: no script for prepublish, continuing
12 verbose tar pack [ '/Users/talha.naqvi/.npm/react-native-scrollable-tab-header/0.1.4/package.tgz',
12 verbose tar pack   '/Users/talha.naqvi/Documents/GitHub/react-native-scrollable-tab-header' ]
13 verbose tarball /Users/talha.naqvi/.npm/react-native-scrollable-tab-header/0.1.4/package.tgz
14 verbose folder /Users/talha.naqvi/Documents/GitHub/react-native-scrollable-tab-header
15 verbose addLocalTarball adding from inside cache /Users/talha.naqvi/.npm/react-native-scrollable-tab-header/0.1.4/package.tgz
16 verbose correctMkdir /Users/talha.naqvi/.npm correctMkdir not in flight; initializing
17 silly cache afterAdd react-native-scrollable-tab-header@0.1.4
18 verbose afterAdd /Users/talha.naqvi/.npm/react-native-scrollable-tab-header/0.1.4/package/package.json not in flight; writing
19 verbose correctMkdir /Users/talha.naqvi/.npm correctMkdir not in flight; initializing
20 verbose afterAdd /Users/talha.naqvi/.npm/react-native-scrollable-tab-header/0.1.4/package/package.json written
21 silly publish { name: 'react-native-scrollable-tab-header',
21 silly publish   version: '0.1.4',
21 silly publish   description: 'Separate tab header component which gives you relevant callbacks to build your own tab implementation',
21 silly publish   main: 'index.js',
21 silly publish   dependencies: {},
21 silly publish   devDependencies: {},
21 silly publish   scripts: { test: 'echo "Error: no test specified" && exit 1' },
21 silly publish   repository:
21 silly publish    { type: 'git',
21 silly publish      url: 'https://www.github.com/naqvitalha/ReactEssentials/react-native-scrollable-tab-header' },
21 silly publish   author: { name: 'naqvitalha', email: 'naqvitalha@gmail.com' },
21 silly publish   license: 'ISC',
21 silly publish   bugs: { url: 'https://github.com/Flipkart/ReactEssentials/issues' },
21 silly publish   homepage: 'https://www.github.com/naqvitalha/ReactEssentials/react-native-scrollable-tab-header',
21 silly publish   readme: '# react-native-scrollable-tab-header\nSeparate tab header component which gives you relevant callbacks to build your own tab implementation\n\n```js\n      <ScrollableTabs inactiveTextColor="white"\n                      backgroundColor={Colors.signatureBlue}\n                      underlineStyle={{backgroundColor:\'gold\'}}\n                      activeTextColor=\'white\'\n                      ref={(ref)=>{this._scrollTabs = ref}}\n                      goToPage={(i)=>\n                      {this._recyclerlistview.scrollToIndex(i, true)}}\n                      tabs={["FIRST TAB", "SECOND LONG TAB"]} />\n\n```\n\nTo update tabs call `updateOffsetExternal(currentOffset, pageWidth)` on ref of scrollable tabs.\nNote: pageWidth is width of one tab scene (mostly screen width), on goToPage callback you\'re supposed to scroll you container to specified position.\nFor additional feature explore props of the component.\n\nThis is a modified version of \'ScrollableTabBar\' component available at https://github.com/skv-headless/react-native-scrollable-tab-view\n',
21 silly publish   readmeFilename: 'README.md',
21 silly publish   gitHead: 'bc1a1a319c345ff6323b1a85c1059c46074490fa',
21 silly publish   _id: 'react-native-scrollable-tab-header@0.1.4',
21 silly publish   _shasum: '81bdf5668198c789c6d552d501d696cbef5ac367',
21 silly publish   _from: '.' }
22 verbose getPublishConfig undefined
23 silly mapToRegistry name react-native-scrollable-tab-header
24 silly mapToRegistry using default registry
25 silly mapToRegistry registry https://registry.npmjs.org/
26 silly mapToRegistry data Result {
26 silly mapToRegistry   raw: 'react-native-scrollable-tab-header',
26 silly mapToRegistry   scope: null,
26 silly mapToRegistry   escapedName: 'react-native-scrollable-tab-header',
26 silly mapToRegistry   name: 'react-native-scrollable-tab-header',
26 silly mapToRegistry   rawSpec: '',
26 silly mapToRegistry   spec: 'latest',
26 silly mapToRegistry   type: 'tag' }
27 silly mapToRegistry uri https://registry.npmjs.org/react-native-scrollable-tab-header
28 verbose publish registryBase https://registry.npmjs.org/
29 silly publish uploading /Users/talha.naqvi/.npm/react-native-scrollable-tab-header/0.1.4/package.tgz
30 verbose request uri https://registry.npmjs.org/react-native-scrollable-tab-header
31 verbose request sending authorization for write operation
32 info attempt registry request try #1 at 12:16:38 AM
33 verbose request using bearer token for auth
34 verbose request id 71f24d7709f51e7c
35 http request PUT https://registry.npmjs.org/react-native-scrollable-tab-header
36 http 403 https://registry.npmjs.org/react-native-scrollable-tab-header
37 verbose headers { 'content-type': 'application/json',
37 verbose headers   'cache-control': 'max-age=300',
37 verbose headers   'content-length': '95',
37 verbose headers   'accept-ranges': 'bytes',
37 verbose headers   date: 'Thu, 17 Aug 2017 18:46:39 GMT',
37 verbose headers   via: '1.1 varnish',
37 verbose headers   connection: 'keep-alive',
37 verbose headers   'x-served-by': 'cache-lcy1128-LCY',
37 verbose headers   'x-cache': 'MISS',
37 verbose headers   'x-cache-hits': '0',
37 verbose headers   'x-timer': 'S1502995599.910036,VS0,VE798',
37 verbose headers   vary: 'Accept-Encoding, Accept' }
38 verbose request invalidating /Users/talha.naqvi/.npm/registry.npmjs.org/react-native-scrollable-tab-header on PUT
39 error publish Failed PUT 403
40 verbose stack Error: "You cannot publish over the previously published version 0.1.4." : react-native-scrollable-tab-header
40 verbose stack     at makeError (/usr/local/lib/node_modules/npm/node_modules/npm-registry-client/lib/request.js:264:12)
40 verbose stack     at CachingRegistryClient.<anonymous> (/usr/local/lib/node_modules/npm/node_modules/npm-registry-client/lib/request.js:252:14)
40 verbose stack     at Request._callback (/usr/local/lib/node_modules/npm/node_modules/npm-registry-client/lib/request.js:172:14)
40 verbose stack     at Request.self.callback (/usr/local/lib/node_modules/npm/node_modules/request/request.js:200:22)
40 verbose stack     at emitTwo (events.js:106:13)
40 verbose stack     at Request.emit (events.js:191:7)
40 verbose stack     at Request.<anonymous> (/usr/local/lib/node_modules/npm/node_modules/request/request.js:1067:10)
40 verbose stack     at emitOne (events.js:101:20)
40 verbose stack     at Request.emit (events.js:188:7)
40 verbose stack     at IncomingMessage.<anonymous> (/usr/local/lib/node_modules/npm/node_modules/request/request.js:988:12)
41 verbose statusCode 403
42 verbose pkgid react-native-scrollable-tab-header
43 verbose cwd /Users/talha.naqvi/Documents/GitHub/react-native-scrollable-tab-header
44 error Darwin 16.3.0
45 error argv "/usr/local/bin/node" "/usr/local/bin/npm" "publish"
46 error node v6.6.0
47 error npm  v3.10.3
48 error code E403
49 error "You cannot publish over the previously published version 0.1.4." : react-native-scrollable-tab-header
50 error If you need help, you may report this error at:
50 error     <https://github.com/npm/npm/issues>
51 verbose exit [ 1, true ]
